For /home/tiago/francinette/tests/printf/printfTester/tests/dot_test.cpp:
36: 	TEST(11, print(" %.2d ", -1));
38: 	TEST(13, print(" %.1d ", 9));
39: 	TEST(14, print(" %.2d ", 10));
44: 	TEST(19, print(" %.1d ", 99));
45: 	TEST(20, print(" %.2d ", 100));
46: 	TEST(21, print(" %.3d ", 101));
47: 	TEST(22, print(" %.1d ", -9));
48: 	TEST(23, print(" %.2d ", -10));
49: 	TEST(24, print(" %.3d ", -11));
50: 	TEST(25, print(" %.4d ", -14));
51: 	TEST(26, print(" %.1d ", -15));
52: 	TEST(27, print(" %.2d ", -16));
53: 	TEST(28, print(" %.3d ", -99));
54: 	TEST(29, print(" %.3d ", -100));
55: 	TEST(30, print(" %.4d ", -101));
56: 	TEST(31, print(" %.8d ", INT_MAX));
57: 	TEST(32, print(" %.9d ", INT_MIN));
58: 	TEST(33, print(" %.10d ", LONG_MAX));
60: 	TEST(35, print(" %.12d ", UINT_MAX));
61: 	TEST(36, print(" %.13d ", ULONG_MAX));
62: 	TEST(37, print(" %.14d ", 9223372036854775807LL));
63: 	TEST(38, print(" %.8d %.9d %.10d %.11d %.12d %.13d %.14d", INT_MAX, INT_MIN, LONG_MAX, LONG_MIN, ULONG_MAX, 0, -42));
66: 	TEST(40, print(" %.2i ", -1));
68: 	TEST(42, print(" %.1i ", 9));
69: 	TEST(43, print(" %.2i ", 10));
74: 	TEST(48, print(" %.1i ", 99));
75: 	TEST(49, print(" %.2i ", 100));
76: 	TEST(50, print(" %.3i ", 101));
77: 	TEST(51, print(" %.1i ", -9));
78: 	TEST(52, print(" %.2i ", -10));
79: 	TEST(53, print(" %.3i ", -11));
80: 	TEST(54, print(" %.4i ", -14));
81: 	TEST(55, print(" %.1i ", -15));
82: 	TEST(56, print(" %.2i ", -16));
83: 	TEST(57, print(" %.3i ", -99));
84: 	TEST(58, print(" %.3i ", -100));
85: 	TEST(59, print(" %.4i ", -101));
86: 	TEST(60, print(" %.8i ", INT_MAX));
87: 	TEST(61, print(" %.9i ", INT_MIN));
88: 	TEST(62, print(" %.10i ", LONG_MAX));
90: 	TEST(64, print(" %.12i ", UINT_MAX));
91: 	TEST(65, print(" %.13i ", ULONG_MAX));
92: 	TEST(66, print(" %.14i ", 9223372036854775807LL));
93: 	TEST(67, print(" %.8i %.9i %.10i %.11i %.12i %.13i %.14i", INT_MAX, INT_MIN, LONG_MAX, LONG_MIN, ULONG_MAX, 0, -42));

